2019-11-16 04:30:01,168 INFO 3280 [Timer] C:\Users\Administrator\Desktop\shoping\server\node_modules\_egg-multipart@2.9.0@egg-multipart\app\schedule\clean_tmpdir.js next time will execute after 86398844ms at 2019-11-17 04:30:00.012
2019-11-16 04:30:01,162 INFO 6724 [Job#1573849801154732385866182701] C:\Users\Administrator\Desktop\shoping\server\node_modules\_egg-multipart@2.9.0@egg-multipart\app\schedule\clean_tmpdir.js executing by app
2019-11-16 04:30:01,195 INFO 6724 [Job#1573849801154732385866182701] C:\Users\Administrator\Desktop\shoping\server\node_modules\_egg-multipart@2.9.0@egg-multipart\app\schedule\clean_tmpdir.js execute succeed, used 32ms
2019-11-16 08:33:50,930 INFO 5276 [egg-schedule]: register schedule C:\Users\Administrator\Desktop\shoping\server\node_modules\_egg-multipart@2.9.0@egg-multipart\app\schedule\clean_tmpdir.js
2019-11-16 08:33:50,930 INFO 5276 [egg-schedule]: register schedule C:\Users\Administrator\Desktop\shoping\server\node_modules\_egg-logrotator@3.1.0@egg-logrotator\app\schedule\clean_log.js
2019-11-16 08:33:50,930 INFO 5276 [egg-schedule]: register schedule C:\Users\Administrator\Desktop\shoping\server\node_modules\_egg-logrotator@3.1.0@egg-logrotator\app\schedule\rotate_by_file.js
2019-11-16 08:34:00,946 INFO 4540 [Timer] C:\Users\Administrator\Desktop\shoping\server\node_modules\_egg-multipart@2.9.0@egg-multipart\app\schedule\clean_tmpdir.js next time will execute after 71759067ms at 2019-11-17 04:30:00.013
2019-11-16 08:34:00,949 INFO 4540 [Timer] C:\Users\Administrator\Desktop\shoping\server\node_modules\_egg-logrotator@3.1.0@egg-logrotator\app\schedule\clean_log.js next time will execute after 55559053ms at 2019-11-17 00:00:00.002
2019-11-16 08:34:00,951 INFO 4540 [Timer] C:\Users\Administrator\Desktop\shoping\server\node_modules\_egg-logrotator@3.1.0@egg-logrotator\app\schedule\rotate_by_file.js next time will execute after 55560051ms at 2019-11-17 00:00:01.002
2019-11-18 08:38:53,682 INFO 4848 [egg-schedule]: register schedule C:\Users\Administrator\Desktop\shoping\server\node_modules\_egg-multipart@2.9.0@egg-multipart\app\schedule\clean_tmpdir.js
2019-11-18 08:38:53,682 INFO 4848 [egg-schedule]: register schedule C:\Users\Administrator\Desktop\shoping\server\node_modules\_egg-logrotator@3.1.0@egg-logrotator\app\schedule\clean_log.js
2019-11-18 08:38:53,682 INFO 4848 [egg-schedule]: register schedule C:\Users\Administrator\Desktop\shoping\server\node_modules\_egg-logrotator@3.1.0@egg-logrotator\app\schedule\rotate_by_file.js
2019-11-18 08:39:04,516 INFO 3564 [Timer] C:\Users\Administrator\Desktop\shoping\server\node_modules\_egg-multipart@2.9.0@egg-multipart\app\schedule\clean_tmpdir.js next time will execute after 71455496ms at 2019-11-19 04:30:00.012
2019-11-18 08:39:04,517 INFO 3564 [Timer] C:\Users\Administrator\Desktop\shoping\server\node_modules\_egg-logrotator@3.1.0@egg-logrotator\app\schedule\clean_log.js next time will execute after 55255484ms at 2019-11-19 00:00:00.001
2019-11-18 08:39:04,517 INFO 3564 [Timer] C:\Users\Administrator\Desktop\shoping\server\node_modules\_egg-logrotator@3.1.0@egg-logrotator\app\schedule\rotate_by_file.js next time will execute after 55256483ms at 2019-11-19 00:00:01.000
2019-11-18 09:17:42,280 INFO 7072 [egg-schedule]: register schedule C:\Users\Administrator\Desktop\shoping\server\node_modules\_egg-multipart@2.9.0@egg-multipart\app\schedule\clean_tmpdir.js
2019-11-18 09:17:42,280 INFO 7072 [egg-schedule]: register schedule C:\Users\Administrator\Desktop\shoping\server\node_modules\_egg-logrotator@3.1.0@egg-logrotator\app\schedule\clean_log.js
2019-11-18 09:17:42,280 INFO 7072 [egg-schedule]: register schedule C:\Users\Administrator\Desktop\shoping\server\node_modules\_egg-logrotator@3.1.0@egg-logrotator\app\schedule\rotate_by_file.js
2019-11-18 09:17:52,247 INFO 7144 [Timer] C:\Users\Administrator\Desktop\shoping\server\node_modules\_egg-multipart@2.9.0@egg-multipart\app\schedule\clean_tmpdir.js next time will execute after 69127772ms at 2019-11-19 04:30:00.019
2019-11-18 09:17:52,250 INFO 7144 [Timer] C:\Users\Administrator\Desktop\shoping\server\node_modules\_egg-logrotator@3.1.0@egg-logrotator\app\schedule\clean_log.js next time will execute after 52927752ms at 2019-11-19 00:00:00.002
2019-11-18 09:17:52,254 INFO 7144 [Timer] C:\Users\Administrator\Desktop\shoping\server\node_modules\_egg-logrotator@3.1.0@egg-logrotator\app\schedule\rotate_by_file.js next time will execute after 52928749ms at 2019-11-19 00:00:01.002
2019-11-18 09:47:38,464 INFO 8284 [egg-schedule]: register schedule C:\Users\Administrator\Desktop\shoping\server\node_modules\_egg-multipart@2.9.0@egg-multipart\app\schedule\clean_tmpdir.js
2019-11-18 09:47:38,464 INFO 8284 [egg-schedule]: register schedule C:\Users\Administrator\Desktop\shoping\server\node_modules\_egg-logrotator@3.1.0@egg-logrotator\app\schedule\clean_log.js
2019-11-18 09:47:38,464 INFO 8284 [egg-schedule]: register schedule C:\Users\Administrator\Desktop\shoping\server\node_modules\_egg-logrotator@3.1.0@egg-logrotator\app\schedule\rotate_by_file.js
2019-11-18 09:47:45,528 INFO 6484 [Timer] C:\Users\Administrator\Desktop\shoping\server\node_modules\_egg-multipart@2.9.0@egg-multipart\app\schedule\clean_tmpdir.js next time will execute after 67334476ms at 2019-11-19 04:30:00.004
2019-11-18 09:47:45,528 INFO 6484 [Timer] C:\Users\Administrator\Desktop\shoping\server\node_modules\_egg-logrotator@3.1.0@egg-logrotator\app\schedule\clean_log.js next time will execute after 51134472ms at 2019-11-19 00:00:00.000
2019-11-18 09:47:45,529 INFO 6484 [Timer] C:\Users\Administrator\Desktop\shoping\server\node_modules\_egg-logrotator@3.1.0@egg-logrotator\app\schedule\rotate_by_file.js next time will execute after 51135472ms at 2019-11-19 00:00:01.001
2019-11-18 10:25:07,354 INFO 468 [egg-schedule]: register schedule C:\Users\Administrator\Desktop\shoping\server\node_modules\_egg-multipart@2.9.0@egg-multipart\app\schedule\clean_tmpdir.js
2019-11-18 10:25:07,354 INFO 468 [egg-schedule]: register schedule C:\Users\Administrator\Desktop\shoping\server\node_modules\_egg-logrotator@3.1.0@egg-logrotator\app\schedule\clean_log.js
2019-11-18 10:25:07,355 INFO 468 [egg-schedule]: register schedule C:\Users\Administrator\Desktop\shoping\server\node_modules\_egg-logrotator@3.1.0@egg-logrotator\app\schedule\rotate_by_file.js
2019-11-18 10:25:12,834 INFO 8924 [Timer] C:\Users\Administrator\Desktop\shoping\server\node_modules\_egg-multipart@2.9.0@egg-multipart\app\schedule\clean_tmpdir.js next time will execute after 65087169ms at 2019-11-19 04:30:00.003
2019-11-18 10:25:12,835 INFO 8924 [Timer] C:\Users\Administrator\Desktop\shoping\server\node_modules\_egg-logrotator@3.1.0@egg-logrotator\app\schedule\clean_log.js next time will execute after 48887165ms at 2019-11-19 00:00:00.000
2019-11-18 10:25:12,835 INFO 8924 [Timer] C:\Users\Administrator\Desktop\shoping\server\node_modules\_egg-logrotator@3.1.0@egg-logrotator\app\schedule\rotate_by_file.js next time will execute after 48888165ms at 2019-11-19 00:00:01.000
2019-11-18 10:56:32,351 INFO 6000 [egg-schedule]: register schedule C:\Users\Administrator\Desktop\shoping\server\node_modules\_egg-multipart@2.9.0@egg-multipart\app\schedule\clean_tmpdir.js
2019-11-18 10:56:32,351 INFO 6000 [egg-schedule]: register schedule C:\Users\Administrator\Desktop\shoping\server\node_modules\_egg-logrotator@3.1.0@egg-logrotator\app\schedule\clean_log.js
2019-11-18 10:56:32,351 INFO 6000 [egg-schedule]: register schedule C:\Users\Administrator\Desktop\shoping\server\node_modules\_egg-logrotator@3.1.0@egg-logrotator\app\schedule\rotate_by_file.js
2019-11-18 10:56:42,466 INFO 9060 [Timer] C:\Users\Administrator\Desktop\shoping\server\node_modules\_egg-multipart@2.9.0@egg-multipart\app\schedule\clean_tmpdir.js next time will execute after 63197538ms at 2019-11-19 04:30:00.004
2019-11-18 10:56:42,466 INFO 9060 [Timer] C:\Users\Administrator\Desktop\shoping\server\node_modules\_egg-logrotator@3.1.0@egg-logrotator\app\schedule\clean_log.js next time will execute after 46997534ms at 2019-11-19 00:00:00.000
2019-11-18 10:56:42,467 INFO 9060 [Timer] C:\Users\Administrator\Desktop\shoping\server\node_modules\_egg-logrotator@3.1.0@egg-logrotator\app\schedule\rotate_by_file.js next time will execute after 46998534ms at 2019-11-19 00:00:01.001
2019-11-18 11:26:50,722 INFO 9764 [egg-schedule]: register schedule C:\Users\Administrator\Desktop\shoping\server\node_modules\_egg-multipart@2.9.0@egg-multipart\app\schedule\clean_tmpdir.js
2019-11-18 11:26:50,723 INFO 9764 [egg-schedule]: register schedule C:\Users\Administrator\Desktop\shoping\server\node_modules\_egg-logrotator@3.1.0@egg-logrotator\app\schedule\clean_log.js
2019-11-18 11:26:50,723 INFO 9764 [egg-schedule]: register schedule C:\Users\Administrator\Desktop\shoping\server\node_modules\_egg-logrotator@3.1.0@egg-logrotator\app\schedule\rotate_by_file.js
2019-11-18 11:27:11,156 INFO 9224 [Timer] C:\Users\Administrator\Desktop\shoping\server\node_modules\_egg-multipart@2.9.0@egg-multipart\app\schedule\clean_tmpdir.js next time will execute after 61368851ms at 2019-11-19 04:30:00.006
2019-11-18 11:27:11,161 INFO 9224 [Timer] C:\Users\Administrator\Desktop\shoping\server\node_modules\_egg-logrotator@3.1.0@egg-logrotator\app\schedule\clean_log.js next time will execute after 45168843ms at 2019-11-19 00:00:00.004
2019-11-18 11:27:11,164 INFO 9224 [Timer] C:\Users\Administrator\Desktop\shoping\server\node_modules\_egg-logrotator@3.1.0@egg-logrotator\app\schedule\rotate_by_file.js next time will execute after 45169839ms at 2019-11-19 00:00:01.003
2019-11-18 11:57:43,876 INFO 11396 [egg-schedule]: register schedule C:\Users\Administrator\Desktop\shoping\server\node_modules\_egg-multipart@2.9.0@egg-multipart\app\schedule\clean_tmpdir.js
2019-11-18 11:57:43,877 INFO 11396 [egg-schedule]: register schedule C:\Users\Administrator\Desktop\shoping\server\node_modules\_egg-logrotator@3.1.0@egg-logrotator\app\schedule\clean_log.js
2019-11-18 11:57:43,877 INFO 11396 [egg-schedule]: register schedule C:\Users\Administrator\Desktop\shoping\server\node_modules\_egg-logrotator@3.1.0@egg-logrotator\app\schedule\rotate_by_file.js
2019-11-18 11:57:55,903 INFO 8328 [Timer] C:\Users\Administrator\Desktop\shoping\server\node_modules\_egg-multipart@2.9.0@egg-multipart\app\schedule\clean_tmpdir.js next time will execute after 59524111ms at 2019-11-19 04:30:00.014
2019-11-18 11:57:55,904 INFO 8328 [Timer] C:\Users\Administrator\Desktop\shoping\server\node_modules\_egg-logrotator@3.1.0@egg-logrotator\app\schedule\clean_log.js next time will execute after 43324097ms at 2019-11-19 00:00:00.000
2019-11-18 11:57:55,904 INFO 8328 [Timer] C:\Users\Administrator\Desktop\shoping\server\node_modules\_egg-logrotator@3.1.0@egg-logrotator\app\schedule\rotate_by_file.js next time will execute after 43325096ms at 2019-11-19 00:00:01.000
2019-11-18 14:39:11,837 INFO 9032 [egg-schedule]: register schedule C:\Users\Administrator\Desktop\shoping\server\node_modules\_egg-multipart@2.9.0@egg-multipart\app\schedule\clean_tmpdir.js
2019-11-18 14:39:11,837 INFO 9032 [egg-schedule]: register schedule C:\Users\Administrator\Desktop\shoping\server\node_modules\_egg-logrotator@3.1.0@egg-logrotator\app\schedule\clean_log.js
2019-11-18 14:39:11,837 INFO 9032 [egg-schedule]: register schedule C:\Users\Administrator\Desktop\shoping\server\node_modules\_egg-logrotator@3.1.0@egg-logrotator\app\schedule\rotate_by_file.js
2019-11-18 14:39:22,638 INFO 12808 [Timer] C:\Users\Administrator\Desktop\shoping\server\node_modules\_egg-multipart@2.9.0@egg-multipart\app\schedule\clean_tmpdir.js next time will execute after 49837382ms at 2019-11-19 04:30:00.020
2019-11-18 14:39:22,641 INFO 12808 [Timer] C:\Users\Administrator\Desktop\shoping\server\node_modules\_egg-logrotator@3.1.0@egg-logrotator\app\schedule\clean_log.js next time will execute after 33637361ms at 2019-11-19 00:00:00.002
2019-11-18 14:39:22,643 INFO 12808 [Timer] C:\Users\Administrator\Desktop\shoping\server\node_modules\_egg-logrotator@3.1.0@egg-logrotator\app\schedule\rotate_by_file.js next time will execute after 33638358ms at 2019-11-19 00:00:01.001
